Performing C SOURCE FILE Test RIGHT_SHIFT_IS_UNSIGNED failed with the following output:
Change Dir: /experiment/data/william/share/semi-seg/libjpeg-turbo-2.0.3/build/CMakeFiles/CMakeTmp

Run Build Command:"/usr/bin/make" "cmTC_f1838/fast"
/usr/bin/make -f CMakeFiles/cmTC_f1838.dir/build.make CMakeFiles/cmTC_f1838.dir/build
make[1]: Entering directory '/experiment/data/william/share/semi-seg/libjpeg-turbo-2.0.3/build/CMakeFiles/CMakeTmp'
Building C object CMakeFiles/cmTC_f1838.dir/src.c.o
/usr/bin/cc    -DRIGHT_SHIFT_IS_UNSIGNED   -o CMakeFiles/cmTC_f1838.dir/src.c.o   -c /experiment/data/william/share/semi-seg/libjpeg-turbo-2.0.3/build/CMakeFiles/CMakeTmp/src.c
Linking C executable cmTC_f1838
/usr/bin/cmake -E cmake_link_script CMakeFiles/cmTC_f1838.dir/link.txt --verbose=1
/usr/bin/cc   -DRIGHT_SHIFT_IS_UNSIGNED    CMakeFiles/cmTC_f1838.dir/src.c.o  -o cmTC_f1838 -rdynamic 
make[1]: Leaving directory '/experiment/data/william/share/semi-seg/libjpeg-turbo-2.0.3/build/CMakeFiles/CMakeTmp'

Return value: 1
Source file was:

      #include <stdio.h>
      #include <stdlib.h>
      int is_shifting_signed (long arg) {
        long res = arg >> 4;
        if (res == -0x7F7E80CL)
          return 1; /* right shift is signed */
        /* see if unsigned-shift hack will fix it. */
        /* we can't just test exact value since it depends on width of long... */
        res |= (~0L) << (32-4);
        if (res == -0x7F7E80CL)
          return 0; /* right shift is unsigned */
        printf("Right shift isn't acting as I expect it to.\n");
        printf("I fear the JPEG software will not work at all.\n\n");
        return 0; /* try it with unsigned anyway */
      }
      int main (void) {
        exit(is_shifting_signed(-0x7F7E80B1L));
      }
Performing C SOURCE FILE Test __CHAR_UNSIGNED__ failed with the following output:
Change Dir: /experiment/data/william/share/semi-seg/libjpeg-turbo-2.0.3/build/CMakeFiles/CMakeTmp

Run Build Command:"/usr/bin/make" "cmTC_2269c/fast"
/usr/bin/make -f CMakeFiles/cmTC_2269c.dir/build.make CMakeFiles/cmTC_2269c.dir/build
make[1]: Entering directory '/experiment/data/william/share/semi-seg/libjpeg-turbo-2.0.3/build/CMakeFiles/CMakeTmp'
Building C object CMakeFiles/cmTC_2269c.dir/src.c.o
/usr/bin/cc    -D__CHAR_UNSIGNED__   -o CMakeFiles/cmTC_2269c.dir/src.c.o   -c /experiment/data/william/share/semi-seg/libjpeg-turbo-2.0.3/build/CMakeFiles/CMakeTmp/src.c
Linking C executable cmTC_2269c
/usr/bin/cmake -E cmake_link_script CMakeFiles/cmTC_2269c.dir/link.txt --verbose=1
/usr/bin/cc   -D__CHAR_UNSIGNED__    CMakeFiles/cmTC_2269c.dir/src.c.o  -o cmTC_2269c -rdynamic 
make[1]: Leaving directory '/experiment/data/william/share/semi-seg/libjpeg-turbo-2.0.3/build/CMakeFiles/CMakeTmp'

Return value: 1
Source file was:
int main(void) { return ((char) -1 < 0); }
Checking whether the ASM_NASM compiler is GNU using "--version" did not match "(GNU assembler)|(GCC)|(Free Software Foundation)":
nasm: error: unrecognised option `--version'
nasm: error: no input file specified
type `nasm -h' for help
Checking whether the ASM_NASM compiler is HP using "-V" did not match "HP C":
nasm: error: unrecognised option `-V'
nasm: error: no input file specified
type `nasm -h' for help
Checking whether the ASM_NASM compiler is Intel using "--version" did not match "(ICC)":
nasm: error: unrecognised option `--version'
nasm: error: no input file specified
type `nasm -h' for help
Checking whether the ASM_NASM compiler is SunPro using "-V" did not match "Sun C":
nasm: error: unrecognised option `-V'
nasm: error: no input file specified
type `nasm -h' for help
Checking whether the ASM_NASM compiler is XL using "-qversion" did not match "XL C":
nasm: error: unrecognised option `-q'
nasm: error: no input file specified
type `nasm -h' for help
Checking whether the ASM_NASM compiler is MSVC using "/?" did not match "Microsoft":
nasm: warning: file name already has no extension: output will be in `nasm.out'
nasm: fatal: unable to open input file `/?'
Checking whether the ASM_NASM compiler is TI using "-h" did not match "Texas Instruments":
usage: nasm [-@ response file] [-o outfile] [-f format] [-l listfile]
            [options...] [--] filename
    or nasm -v (or --v) for version info

    -t          assemble in SciTech TASM compatible mode
    -g          generate debug information in selected format
    -E (or -e)  preprocess only (writes output to stdout by default)
    -a          don't preprocess (assemble only)
    -M          generate Makefile dependencies on stdout
    -MG         d:o, missing files assumed generated
    -MF <file>  set Makefile dependency file
    -MD <file>  assemble and generate dependencies
    -MT <file>  dependency target name
    -MQ <file>  dependency target name (quoted)
    -MP         emit phony target

    -Z<file>    redirect error messages to file
    -s          redirect error messages to stdout

    -F format   select a debugging format

    -o outfile  write output to an outfile

    -f format   select an output format

    -l listfile write listing to a listfile

    -I<path>    adds a pathname to the include file path
    -O<digit>   optimize branch offsets
                -O0: No optimization
                -O1: Minimal optimization
                -Ox: Multipass optimization (default)

    -P<file>    pre-includes a file
    -D<macro>[=<value>] pre-defines a macro
    -U<macro>   undefines a macro
    -X<format>  specifies error reporting format (gnu or vc)
    -w+foo      enables warning foo (equiv. -Wfoo)
    -w-foo      disable warning foo (equiv. -Wno-foo)

    -h          show invocation summary and exit

--prefix,--postfix
  this options prepend or append the given argument to all
  extern and global variables

Warnings:
    error                   treat warnings as errors (default off)
    macro-params            macro calls with wrong parameter count (default on)
    macro-selfref           cyclic macro references (default off)
    macro-defaults          macros with more default than optional parameters (default on)
    orphan-labels           labels alone on lines without trailing `:' (default on)
    number-overflow         numeric constant does not fit (default on)
    gnu-elf-extensions      using 8- or 16-bit relocation in ELF32, a GNU extension (default off)
    float-overflow          floating point overflow (default on)
    float-denorm            floating point denormal (default off)
    float-underflow         floating point underflow (default off)
    float-toolong           too many digits in floating-point number (default on)
    user                    %warning directives (default on)
    lock                    lock prefix on unlockable instructions (default on)
    hle                     invalid hle prefixes (default on)
    bnd                     invalid bnd prefixes (default on)

response files should contain command line parameters, one per line.

For a list of valid output formats, use -hf.
For a list of debug formats, use -f <form> -y.
Checking whether the ASM_NASM compiler is GNU using "--version" did not match "(GNU assembler)|(GCC)|(Free Software Foundation)":
nasm: error: unrecognised option `--version'
nasm: error: no input file specified
type `nasm -h' for help
Checking whether the ASM_NASM compiler is IAR using "" did not match "IAR Assembler":
nasm: error: no input file specified
type `nasm -h' for help
Checking whether the ASM_NASM compiler is ARMCC using "" did not match "(ARM Compiler)|(ARM Assembler)":
nasm: error: no input file specified
type `nasm -h' for help
